<?xml version="1.0" encoding="UTF-8"?>
<!-- Generated by org.testng.reporters.JUnitReportReporter -->
<testsuite skipped="0" hostname="DT665962" name="com.amazon.test.Test01" tests="1" failures="0" timestamp="2019-11-14T16:34:49 CST" time="68.499" errors="0">
  <testcase name="exampleTest" time="68.499" classname="com.amazon.test.Test01"/>
</testsuite> <!-- com.amazon.test.Test01 -->
