<?xml version="1.0" encoding="UTF-8"?>
<!-- Generated by org.testng.reporters.JUnitReportReporter -->
<testsuite skipped="0" hostname="DT665963" name="com.amazon.test.Test01" tests="1" failures="0" timestamp="2019-11-14T15:09:04 CST" time="15.602" errors="0">
  <testcase name="exampleTest" time="15.602" classname="com.amazon.test.Test01"/>
</testsuite> <!-- com.amazon.test.Test01 -->
